[    15.401] (WW) Failed to open protocol names file lib/xorg/protocol.txt
[    15.410] 
X.Org X Server 1.20.13
X Protocol Version 11, Revision 0
[    15.410] Build Operating System: Linux Archlinux
[    15.410] Current Operating System: Linux dev 5.14.13-arch1-1 #1 SMP PREEMPT Sun, 17 Oct 2021 12:09:30 +0000 x86_64
[    15.410] Kernel command line: BOOT_IMAGE=/boot/vmlinuz-linux root=UUID=9bc41cd4-cb46-4564-ab61-18cdf4fcf6d9 rw loglevel=3 quiet
[    15.410] Build Date: 04 August 2021  08:13:54AM
[    15.410]  
[    15.411] Current version of pixman: 0.40.0
[    15.412] 	Before reporting problems, check http://wiki.x.org
	to make sure that you have the latest version.
[    15.412] Markers: (--) probed, (**) from config file, (==) default setting,
	(++) from command line, (!!) notice, (II) informational,
	(WW) warning, (EE) error, (NI) not implemented, (??) unknown.
[    15.414] (==) Log file: "/home/wilmer/.local/share/xorg/Xorg.0.log", Time: Sun Oct 24 20:39:24 2021
[    15.431] (==) Using system config directory "/usr/share/X11/xorg.conf.d"
[    15.438] (==) No Layout section.  Using the first Screen section.
[    15.438] (==) No screen section available. Using defaults.
[    15.438] (**) |-->Screen "Default Screen Section" (0)
[    15.438] (**) |   |-->Monitor "<default monitor>"
[    15.438] (==) No monitor specified for screen "Default Screen Section".
	Using a default monitor configuration.
[    15.438] (==) Automatically adding devices
[    15.438] (==) Automatically enabling devices
[    15.438] (==) Automatically adding GPU devices
[    15.438] (==) Automatically binding GPU devices
[    15.438] (==) Max clients allowed: 256, resource mask: 0x1fffff
[    15.465] (WW) The directory "/usr/share/fonts/TTF" does not exist.
[    15.465] 	Entry deleted from font path.
[    15.465] (WW) The directory "/usr/share/fonts/OTF" does not exist.
[    15.465] 	Entry deleted from font path.
[    15.465] (WW) The directory "/usr/share/fonts/Type1" does not exist.
[    15.465] 	Entry deleted from font path.
[    15.472] (==) FontPath set to:
	/usr/share/fonts/misc,
	/usr/share/fonts/100dpi,
	/usr/share/fonts/75dpi
[    15.472] (==) ModulePath set to "/usr/lib/xorg/modules"
[    15.472] (II) The server relies on udev to provide the list of input devices.
	If no devices become available, reconfigure udev or disable AutoAddDevices.
[    15.472] (II) Module ABI versions:
[    15.472] 	X.Org ANSI C Emulation: 0.4
[    15.472] 	X.Org Video Driver: 24.1
[    15.472] 	X.Org XInput driver : 24.1
[    15.472] 	X.Org Server Extension : 10.0
[    15.473] (++) using VT number 1

[    15.474] (II) systemd-logind: took control of session /org/freedesktop/login1/session/_31
[    15.476] (II) xfree86: Adding drm device (/dev/dri/card0)
[    15.477] (II) systemd-logind: got fd for /dev/dri/card0 226:0 fd 10 paused 0
[    15.479] (--) PCI:*(0@0:2:0) 15ad:0405:15ad:0405 rev 0, Mem @ 0xe0000000/16777216, 0xf0000000/2097152, I/O @ 0x0000d010/16, BIOS @ 0x????????/131072
[    15.479] (WW) Open ACPI failed (/var/run/acpid.socket) (No such file or directory)
[    15.479] (II) LoadModule: "glx"
[    15.487] (II) Loading /usr/lib/xorg/modules/extensions/libglx.so
[    15.554] (II) Module glx: vendor="X.Org Foundation"
[    15.554] 	compiled for 1.20.13, module version = 1.0.0
[    15.554] 	ABI class: X.Org Server Extension, version 10.0
[    15.554] (==) Matched vmware as autoconfigured driver 0
[    15.554] (==) Matched modesetting as autoconfigured driver 1
[    15.554] (==) Matched fbdev as autoconfigured driver 2
[    15.554] (==) Matched vesa as autoconfigured driver 3
[    15.554] (==) Assigned the driver to the xf86ConfigLayout
[    15.554] (II) LoadModule: "vmware"
[    15.557] (II) Loading /usr/lib/xorg/modules/drivers/vmware_drv.so
[    16.965] (II) Module vmware: vendor="X.Org Foundation"
[    16.965] 	compiled for 1.20.8, module version = 13.3.0
[    16.965] 	Module class: X.Org Video Driver
[    16.965] 	ABI class: X.Org Video Driver, version 24.1
[    16.965] (II) LoadModule: "modesetting"
[    16.965] (II) Loading /usr/lib/xorg/modules/drivers/modesetting_drv.so
[    16.992] (II) Module modesetting: vendor="X.Org Foundation"
[    16.992] 	compiled for 1.20.13, module version = 1.20.13
[    16.992] 	Module class: X.Org Video Driver
[    16.992] 	ABI class: X.Org Video Driver, version 24.1
[    16.992] (II) LoadModule: "fbdev"
[    16.992] (WW) Warning, couldn't open module fbdev
[    16.992] (EE) Failed to load module "fbdev" (module does not exist, 0)
[    16.992] (II) LoadModule: "vesa"
[    16.992] (II) Loading /usr/lib/xorg/modules/drivers/vesa_drv.so
[    17.001] (II) Module vesa: vendor="X.Org Foundation"
[    17.001] 	compiled for 1.20.9, module version = 2.5.0
[    17.001] 	Module class: X.Org Video Driver
[    17.001] 	ABI class: X.Org Video Driver, version 24.1
[    17.001] (II) vmware: driver for VMware SVGA: vmware0405, vmware0710
[    17.001] (II) modesetting: Driver for Modesetting Kernel Drivers: kms
[    17.001] (II) VESA: driver for VESA chipsets: vesa
[    17.002] xf86EnableIOPorts: failed to set IOPL for I/O (Operation not permitted)
[    17.002] (WW) Falling back to old probe method for modesetting
[    17.002] (WW) VGA arbiter: cannot open kernel arbiter, no multi-card support
[    17.002] (II) vmware(0): Creating default Display subsection in Screen section
	"Default Screen Section" for depth/fbbpp 24/32
[    17.002] (--) vmware(0): DRM driver version is 2.18.1
[    17.002] (==) vmware(0): Depth 24, (--) framebuffer bpp 32
[    17.002] (==) vmware(0): RGB weight 888
[    17.002] (==) vmware(0): Default visual is TrueColor
[    17.002] (--) vmware(0): Min width 1, Max Width 8192.
[    17.002] (--) vmware(0): Min height 1, Max Height 8192.
[    17.002] (II) vmware(0): Output Virtual1 has no monitor section
[    17.002] (II) vmware(0): Output Virtual2 has no monitor section
[    17.002] (II) vmware(0): Output Virtual3 has no monitor section
[    17.002] (II) vmware(0): Output Virtual4 has no monitor section
[    17.002] (II) vmware(0): Output Virtual5 has no monitor section
[    17.002] (II) vmware(0): Output Virtual6 has no monitor section
[    17.002] (II) vmware(0): Output Virtual7 has no monitor section
[    17.003] (II) vmware(0): Output Virtual8 has no monitor section
[    17.003] (II) vmware(0): Printing probed modes for output Virtual1
[    17.003] (II) vmware(0): Modeline "1366x618"x60.0   69.85  1366 1416 1466 1516  618 668 718 768 -hsync +vsync (46.1 kHz eP)
[    17.003] (II) vmware(0): Modeline "2560x1600"x60.0  348.50  2560 2752 3032 3504  1600 1603 1609 1658 -hsync +vsync (99.5 kHz e)
[    17.003] (II) vmware(0): Modeline "2560x1440"x60.0  241.50  2560 2608 2640 2720  1440 1443 1448 1481 +hsync -vsync (88.8 kHz e)
[    17.003] (II) vmware(0): Modeline "1920x1440"x60.0  234.00  1920 2048 2256 2600  1440 1441 1444 1500 -hsync +vsync (90.0 kHz e)
[    17.003] (II) vmware(0): Modeline "1856x1392"x60.0  218.25  1856 1952 2176 2528  1392 1393 1396 1439 -hsync +vsync (86.3 kHz e)
[    17.003] (II) vmware(0): Modeline "1792x1344"x60.0  204.75  1792 1920 2120 2448  1344 1345 1348 1394 -hsync +vsync (83.6 kHz e)
[    17.003] (II) vmware(0): Modeline "1920x1200"x59.9  193.25  1920 2056 2256 2592  1200 1203 1209 1245 -hsync +vsync (74.6 kHz e)
[    17.003] (II) vmware(0): Modeline "1920x1080"x60.0  173.00  1920 2048 2248 2576  1080 1083 1088 1120 -hsync +vsync (67.2 kHz e)
[    17.003] (II) vmware(0): Modeline "1600x1200"x60.0  162.00  1600 1664 1856 2160  1200 1201 1204 1250 +hsync +vsync (75.0 kHz e)
[    17.003] (II) vmware(0): Modeline "1680x1050"x60.0  146.25  1680 1784 1960 2240  1050 1053 1059 1089 -hsync +vsync (65.3 kHz e)
[    17.003] (II) vmware(0): Modeline "1400x1050"x60.0  121.75  1400 1488 1632 1864  1050 1053 1057 1089 -hsync +vsync (65.3 kHz e)
[    17.003] (II) vmware(0): Modeline "1280x1024"x60.0  108.00  1280 1328 1440 1688  1024 1025 1028 1066 +hsync +vsync (64.0 kHz e)
[    17.003] (II) vmware(0): Modeline "1440x900"x59.9  106.50  1440 1520 1672 1904  900 903 909 934 -hsync +vsync (55.9 kHz e)
[    17.003] (II) vmware(0): Modeline "1280x960"x60.0  108.00  1280 1376 1488 1800  960 961 964 1000 +hsync +vsync (60.0 kHz e)
[    17.003] (II) vmware(0): Modeline "1360x768"x60.0   85.50  1360 1424 1536 1792  768 771 777 795 +hsync +vsync (47.7 kHz e)
[    17.003] (II) vmware(0): Modeline "1280x800"x59.8   83.50  1280 1352 1480 1680  800 803 809 831 +hsync -vsync (49.7 kHz e)
[    17.003] (II) vmware(0): Modeline "1152x864"x75.0  108.00  1152 1216 1344 1600  864 865 868 900 +hsync +vsync (67.5 kHz e)
[    17.003] (II) vmware(0): Modeline "1280x768"x59.9   79.50  1280 1344 1472 1664  768 771 778 798 -hsync +vsync (47.8 kHz e)
[    17.003] (II) vmware(0): Modeline "1280x720"x59.9   74.50  1280 1344 1472 1664  720 723 728 748 -hsync +vsync (44.8 kHz e)
[    17.003] (II) vmware(0): Modeline "1024x768"x60.0   65.00  1024 1048 1184 1344  768 771 777 806 -hsync -vsync (48.4 kHz e)
[    17.003] (II) vmware(0): Modeline "800x600"x60.3   40.00  800 840 968 1056  600 601 605 628 +hsync +vsync (37.9 kHz e)
[    17.003] (II) vmware(0): Modeline "640x480"x59.9   25.18  640 656 752 800  480 489 492 525 -hsync -vsync (31.5 kHz e)
[    17.003] (II) vmware(0): EDID for output Virtual2
[    17.003] (II) vmware(0): EDID for output Virtual3
[    17.003] (II) vmware(0): EDID for output Virtual4
[    17.003] (II) vmware(0): EDID for output Virtual5
[    17.003] (II) vmware(0): EDID for output Virtual6
[    17.003] (II) vmware(0): EDID for output Virtual7
[    17.003] (II) vmware(0): EDID for output Virtual8
[    17.003] (II) vmware(0): Output Virtual1 connected
[    17.003] (II) vmware(0): Output Virtual2 disconnected
[    17.004] (II) vmware(0): Output Virtual3 disconnected
[    17.004] (II) vmware(0): Output Virtual4 disconnected
[    17.004] (II) vmware(0): Output Virtual5 disconnected
[    17.004] (II) vmware(0): Output Virtual6 disconnected
[    17.004] (II) vmware(0): Output Virtual7 disconnected
[    17.004] (II) vmware(0): Output Virtual8 disconnected
[    17.004] (II) vmware(0): Using exact sizes for initial modes
[    17.004] (II) vmware(0): Output Virtual1 using initial mode 1366x618 +0+0
[    17.004] (==) vmware(0): DPI set to (96, 96)
[    17.004] (==) vmware(0): Using gamma correction (1.0, 1.0, 1.0)
[    17.004] (II) Loading sub module "fb"
[    17.004] (II) LoadModule: "fb"
[    17.004] (II) Loading /usr/lib/xorg/modules/libfb.so
[    17.012] (II) Module fb: vendor="X.Org Foundation"
[    17.013] 	compiled for 1.20.13, module version = 1.0.0
[    17.013] 	ABI class: X.Org ANSI C Emulation, version 0.4
[    17.013] (II) Loading sub module "dri2"
[    17.013] (II) LoadModule: "dri2"
[    17.013] (II) Module "dri2" already built-in
[    17.013] (II) Loading sub module "dri3"
[    17.013] (II) LoadModule: "dri3"
[    17.013] (II) Module "dri3" already built-in
[    17.013] (II) UnloadModule: "modesetting"
[    17.013] (II) Unloading modesetting
[    17.019] (II) UnloadModule: "vesa"
[    17.019] (II) Unloading vesa
[    17.033] (II) vmware(0): Initialized VMWARE_CTRL extension version 0.2
[    17.077] (WW) vmware(0): Failed to initialize Gallium3D Xa. No render acceleration available.
[    17.077] (WW) vmware(0): Skipped initialization of direct rendering due to lack of render acceleration.
[    17.077] (--) vmware(0): Render acceleration is disabled.
[    17.077] (==) vmware(0): Rendercheck mode is disabled.
[    17.077] (--) vmware(0): Direct rendering (DRI2 3D) is disabled.
[    17.077] (--) vmware(0): Direct rendering (DRI3 3D) is disabled.
[    17.077] (==) vmware(0): Backing store enabled
[    17.077] (==) vmware(0): Silken mouse disabled
[    17.080] (==) vmware(0): DPMS enabled
[    17.080] (II) vmware(0): No 3D acceleration. Not setting up textured video.
[    17.080] (WW) vmware(0): Disabling Xv because no adaptors could be initialized.
[    17.080] (II) Initializing extension Generic Event Extension
[    17.080] (II) Initializing extension SHAPE
[    17.080] (II) Initializing extension MIT-SHM
[    17.080] (II) Initializing extension XInputExtension
[    17.082] (II) Initializing extension XTEST
[    17.082] (II) Initializing extension BIG-REQUESTS
[    17.082] (II) Initializing extension SYNC
[    17.082] (II) Initializing extension XKEYBOARD
[    17.082] (II) Initializing extension XC-MISC
[    17.082] (II) Initializing extension SECURITY
[    17.083] (II) Initializing extension XFIXES
[    17.083] (II) Initializing extension RENDER
[    17.083] (II) Initializing extension RANDR
[    17.083] (II) Initializing extension COMPOSITE
[    17.083] (II) Initializing extension DAMAGE
[    17.083] (II) Initializing extension MIT-SCREEN-SAVER
[    17.083] (II) Initializing extension DOUBLE-BUFFER
[    17.083] (II) Initializing extension RECORD
[    17.083] (II) Initializing extension DPMS
[    17.083] (II) Initializing extension Present
[    17.083] (II) Initializing extension DRI3
[    17.083] (II) Initializing extension X-Resource
[    17.083] (II) Initializing extension XVideo
[    17.083] (II) Initializing extension XVideo-MotionCompensation
[    17.083] (II) Initializing extension GLX
[    17.083] (II) AIGLX: Screen 0 is not DRI2 capable
[    17.579] (II) IGLX: Loaded and initialized swrast
[    17.579] (II) GLX: Initialized DRISWRAST GL provider for screen 0
[    17.579] (II) Initializing extension XFree86-VidModeExtension
[    17.579] (II) Initializing extension XFree86-DGA
[    17.579] (II) Initializing extension XFree86-DRI
[    17.579] (II) Initializing extension DRI2
[    17.599] (II) vmware(0): Setting screen physical size to 361 x 163
[    17.913] (II) config/udev: Adding input device Power Button (/dev/input/event0)
[    17.914] (**) Power Button: Applying InputClass "libinput keyboard catchall"
[    17.914] (II) LoadModule: "libinput"
[    17.914] (II) Loading /usr/lib/xorg/modules/input/libinput_drv.so
[    17.949] (II) Module libinput: vendor="X.Org Foundation"
[    17.949] 	compiled for 1.20.13, module version = 1.2.0
[    17.949] 	Module class: X.Org XInput Driver
[    17.949] 	ABI class: X.Org XInput driver, version 24.1
[    17.949] (II) Using input driver 'libinput' for 'Power Button'
[    17.950] (II) systemd-logind: got fd for /dev/input/event0 13:64 fd 13 paused 0
[    17.951] (**) Power Button: always reports core events
[    17.951] (**) Option "Device" "/dev/input/event0"
[    17.952] (**) Option "_source" "server/udev"
[    17.972] (II) event0  - Power Button: is tagged by udev as: Keyboard
[    17.972] (II) event0  - Power Button: device is a keyboard
[    17.972] (II) event0  - Power Button: device removed
[    17.972] (**) Option "config_info" "udev:/sys/devices/LNXSYSTM:00/LNXPWRBN:00/input/input0/event0"
[    17.972] (II) XINPUT: Adding extended input device "Power Button" (type: KEYBOARD, id 6)
[    17.973] (II) event0  - Power Button: is tagged by udev as: Keyboard
[    17.973] (II) event0  - Power Button: device is a keyboard
[    17.974] (II) config/udev: Adding input device Sleep Button (/dev/input/event1)
[    17.974] (**) Sleep Button: Applying InputClass "libinput keyboard catchall"
[    17.974] (II) Using input driver 'libinput' for 'Sleep Button'
[    17.975] (II) systemd-logind: got fd for /dev/input/event1 13:65 fd 16 paused 0
[    17.975] (**) Sleep Button: always reports core events
[    17.975] (**) Option "Device" "/dev/input/event1"
[    17.975] (**) Option "_source" "server/udev"
[    17.976] (II) event1  - Sleep Button: is tagged by udev as: Keyboard
[    17.976] (II) event1  - Sleep Button: device is a keyboard
[    17.976] (II) event1  - Sleep Button: device removed
[    17.976] (**) Option "config_info" "udev:/sys/devices/LNXSYSTM:00/LNXSLPBN:00/input/input1/event1"
[    17.976] (II) XINPUT: Adding extended input device "Sleep Button" (type: KEYBOARD, id 7)
[    17.977] (II) event1  - Sleep Button: is tagged by udev as: Keyboard
[    17.977] (II) event1  - Sleep Button: device is a keyboard
[    17.978] (II) config/udev: Adding input device Video Bus (/dev/input/event5)
[    17.978] (**) Video Bus: Applying InputClass "libinput keyboard catchall"
[    17.978] (II) Using input driver 'libinput' for 'Video Bus'
[    17.979] (II) systemd-logind: got fd for /dev/input/event5 13:69 fd 17 paused 0
[    17.979] (**) Video Bus: always reports core events
[    17.979] (**) Option "Device" "/dev/input/event5"
[    17.979] (**) Option "_source" "server/udev"
[    17.980] (II) event5  - Video Bus: is tagged by udev as: Keyboard
[    17.980] (II) event5  - Video Bus: device is a keyboard
[    17.981] (II) event5  - Video Bus: device removed
[    17.981] (**) Option "config_info" "udev:/sys/devices/LNXSYSTM:00/LNXSYBUS:00/PNP0A03:00/LNXVIDEO:00/input/input6/event5"
[    17.981] (II) XINPUT: Adding extended input device "Video Bus" (type: KEYBOARD, id 8)
[    17.982] (II) event5  - Video Bus: is tagged by udev as: Keyboard
[    17.982] (II) event5  - Video Bus: device is a keyboard
[    17.983] (II) config/udev: Adding input device VirtualBox mouse integration (/dev/input/event4)
[    17.983] (**) VirtualBox mouse integration: Applying InputClass "libinput pointer catchall"
[    17.983] (II) Using input driver 'libinput' for 'VirtualBox mouse integration'
[    17.985] (II) systemd-logind: got fd for /dev/input/event4 13:68 fd 18 paused 0
[    17.985] (**) VirtualBox mouse integration: always reports core events
[    17.985] (**) Option "Device" "/dev/input/event4"
[    17.985] (**) Option "_source" "server/udev"
[    17.986] (II) event4  - VirtualBox mouse integration: is tagged by udev as: Mouse
[    17.987] (II) event4  - VirtualBox mouse integration: device is a pointer
[    17.987] (II) event4  - VirtualBox mouse integration: device removed
[    17.987] (**) Option "config_info" "udev:/sys/devices/pci0000:00/0000:00:04.0/input/input5/event4"
[    17.987] (II) XINPUT: Adding extended input device "VirtualBox mouse integration" (type: MOUSE, id 9)
[    17.987] (**) Option "AccelerationScheme" "none"
[    17.987] (**) VirtualBox mouse integration: (accel) selected scheme none/0
[    17.987] (**) VirtualBox mouse integration: (accel) acceleration factor: 2.000
[    17.987] (**) VirtualBox mouse integration: (accel) acceleration threshold: 4
[    17.989] (II) event4  - VirtualBox mouse integration: is tagged by udev as: Mouse
[    17.989] (II) event4  - VirtualBox mouse integration: device is a pointer
[    17.990] (II) config/udev: Adding input device VirtualBox mouse integration (/dev/input/js1)
[    17.990] (II) No input driver specified, ignoring this device.
[    17.990] (II) This device may have been added with another device file.
[    17.991] (II) config/udev: Adding input device VirtualBox mouse integration (/dev/input/mouse1)
[    17.991] (II) No input driver specified, ignoring this device.
[    17.991] (II) This device may have been added with another device file.
[    17.992] (II) config/udev: Adding input device VirtualBox USB Tablet (/dev/input/event3)
[    17.993] (**) VirtualBox USB Tablet: Applying InputClass "libinput pointer catchall"
[    17.993] (II) Using input driver 'libinput' for 'VirtualBox USB Tablet'
[    18.049] (II) systemd-logind: got fd for /dev/input/event3 13:67 fd 19 paused 0
[    18.049] (**) VirtualBox USB Tablet: always reports core events
[    18.049] (**) Option "Device" "/dev/input/event3"
[    18.049] (**) Option "_source" "server/udev"
[    18.051] (II) event3  - VirtualBox USB Tablet: is tagged by udev as: Mouse
[    18.052] (II) event3  - VirtualBox USB Tablet: device is a pointer
[    18.052] (II) event3  - VirtualBox USB Tablet: device removed
[    18.052] (**) Option "config_info" "udev:/sys/devices/pci0000:00/0000:00:06.0/usb1/1-1/1-1:1.0/0003:80EE:0021.0001/input/input4/event3"
[    18.052] (II) XINPUT: Adding extended input device "VirtualBox USB Tablet" (type: MOUSE, id 10)
[    18.052] (**) Option "AccelerationScheme" "none"
[    18.052] (**) VirtualBox USB Tablet: (accel) selected scheme none/0
[    18.052] (**) VirtualBox USB Tablet: (accel) acceleration factor: 2.000
[    18.052] (**) VirtualBox USB Tablet: (accel) acceleration threshold: 4
[    18.054] (II) event3  - VirtualBox USB Tablet: is tagged by udev as: Mouse
[    18.054] (II) event3  - VirtualBox USB Tablet: device is a pointer
[    18.055] (II) config/udev: Adding input device VirtualBox USB Tablet (/dev/input/js0)
[    18.055] (II) No input driver specified, ignoring this device.
[    18.055] (II) This device may have been added with another device file.
[    18.056] (II) config/udev: Adding input device VirtualBox USB Tablet (/dev/input/mouse0)
[    18.056] (II) No input driver specified, ignoring this device.
[    18.056] (II) This device may have been added with another device file.
[    18.057] (II) config/udev: Adding input device AT Translated Set 2 keyboard (/dev/input/event2)
[    18.057] (**) AT Translated Set 2 keyboard: Applying InputClass "libinput keyboard catchall"
[    18.057] (II) Using input driver 'libinput' for 'AT Translated Set 2 keyboard'
[    18.058] (II) systemd-logind: got fd for /dev/input/event2 13:66 fd 20 paused 0
[    18.058] (**) AT Translated Set 2 keyboard: always reports core events
[    18.058] (**) Option "Device" "/dev/input/event2"
[    18.058] (**) Option "_source" "server/udev"
[    18.059] (II) event2  - AT Translated Set 2 keyboard: is tagged by udev as: Keyboard
[    18.059] (II) event2  - AT Translated Set 2 keyboard: device is a keyboard
[    18.060] (II) event2  - AT Translated Set 2 keyboard: device removed
[    18.060] (**) Option "config_info" "udev:/sys/devices/platform/i8042/serio0/input/input2/event2"
[    18.060] (II) XINPUT: Adding extended input device "AT Translated Set 2 keyboard" (type: KEYBOARD, id 11)
[    18.061] (II) event2  - AT Translated Set 2 keyboard: is tagged by udev as: Keyboard
[    18.061] (II) event2  - AT Translated Set 2 keyboard: device is a keyboard
[    18.062] (II) config/udev: Adding input device ImExPS/2 Generic Explorer Mouse (/dev/input/event7)
[    18.063] (**) ImExPS/2 Generic Explorer Mouse: Applying InputClass "libinput pointer catchall"
[    18.063] (II) Using input driver 'libinput' for 'ImExPS/2 Generic Explorer Mouse'
[    18.064] (II) systemd-logind: got fd for /dev/input/event7 13:71 fd 21 paused 0
[    18.064] (**) ImExPS/2 Generic Explorer Mouse: always reports core events
[    18.064] (**) Option "Device" "/dev/input/event7"
[    18.064] (**) Option "_source" "server/udev"
[    18.065] (II) event7  - ImExPS/2 Generic Explorer Mouse: is tagged by udev as: Mouse
[    18.065] (II) event7  - ImExPS/2 Generic Explorer Mouse: device is a pointer
[    18.065] (II) event7  - ImExPS/2 Generic Explorer Mouse: device removed
[    18.065] (**) Option "config_info" "udev:/sys/devices/platform/i8042/serio1/input/input7/event7"
[    18.065] (II) XINPUT: Adding extended input device "ImExPS/2 Generic Explorer Mouse" (type: MOUSE, id 12)
[    18.065] (**) Option "AccelerationScheme" "none"
[    18.065] (**) ImExPS/2 Generic Explorer Mouse: (accel) selected scheme none/0
[    18.065] (**) ImExPS/2 Generic Explorer Mouse: (accel) acceleration factor: 2.000
[    18.065] (**) ImExPS/2 Generic Explorer Mouse: (accel) acceleration threshold: 4
[    18.066] (II) event7  - ImExPS/2 Generic Explorer Mouse: is tagged by udev as: Mouse
[    18.066] (II) event7  - ImExPS/2 Generic Explorer Mouse: device is a pointer
[    18.067] (II) config/udev: Adding input device ImExPS/2 Generic Explorer Mouse (/dev/input/mouse2)
[    18.067] (II) No input driver specified, ignoring this device.
[    18.067] (II) This device may have been added with another device file.
[    18.071] (II) config/udev: Adding input device PC Speaker (/dev/input/event6)
[    18.071] (II) No input driver specified, ignoring this device.
[    18.071] (II) This device may have been added with another device file.
[   512.532] (!!) vmware(0): New layout.
[   512.532] (!!) vmware(0): 0: 0 0 640 480
[   512.532] (!!) vmware(0): 
[   512.942] (!!) vmware(0): New layout.
[   512.942] (!!) vmware(0): 0: 0 0 683 618
[   512.942] (!!) vmware(0): 
[   512.965] (EE) No surface to present from.
[   685.341] (!!) vmware(0): New layout.
[   685.341] (!!) vmware(0): 0: 0 0 1366 618
[   685.341] (!!) vmware(0): 
[   685.353] (EE) No surface to present from.
[  1167.061] (!!) vmware(0): New layout.
[  1167.061] (!!) vmware(0): 0: 0 0 1366 768
[  1167.061] (!!) vmware(0): 
[  1167.092] (EE) No surface to present from.
[  1400.596] (EE) event2  - AT Translated Set 2 keyboard: client bug: event processing lagging behind by 17ms, your system is too slow
[  1486.747] (!!) vmware(0): New layout.
[  1486.747] (!!) vmware(0): 0: 0 0 1366 618
[  1486.747] (!!) vmware(0): 
[  1993.332] (EE) event2  - AT Translated Set 2 keyboard: client bug: event processing lagging behind by 13ms, your system is too slow
[  2017.587] (EE) event4  - VirtualBox mouse integration: client bug: event processing lagging behind by 11ms, your system is too slow
[  2365.608] (EE) client bug: timer event7 debounce short: scheduled expiry is in the past (-2ms), your system is too slow
[  2491.399] (EE) event4  - VirtualBox mouse integration: client bug: event processing lagging behind by 15ms, your system is too slow
[  2514.843] (EE) event4  - VirtualBox mouse integration: client bug: event processing lagging behind by 16ms, your system is too slow
